2023-12-12 15:50:28,955 Prediction for MRI image <FileStorage: 'Te-no_0012.jpg' ('image/jpeg')>:  No_tumor
2023-12-12 15:50:57,505 Prediction for MRI image <FileStorage: 'Te-no_0012.jpg' ('image/jpeg')>:  No_tumor
2023-12-12 15:51:07,153 Prediction for MRI image <FileStorage: 'Te-pi_0010.jpg' ('image/jpeg')>:  Pituitary
2023-12-12 15:51:22,601 Prediction for MRI image <FileStorage: 'classifier.py' ('text/x-python-script')>:  Error:_No_prediction_received
2023-12-12 15:52:18,205 Prediction for MRI image <FileStorage: '' ('application/octet-stream')>:  Error:_No_prediction_received
2023-12-12 15:52:35,409 Prediction for MRI image <FileStorage: 'External_Image.jpg' ('image/jpeg')>:  No_tumor
2023-12-12 15:52:51,757 Prediction for MRI image <FileStorage: 'Te-pi_0013.jpg' ('image/jpeg')>:  Pituitary
2023-12-12 15:52:55,331 Prediction for MRI image <FileStorage: 'Te-pi_0013.jpg' ('image/jpeg')>:  Pituitary
2023-12-12 15:52:58,289 Prediction for MRI image <FileStorage: 'Te-pi_0013.jpg' ('image/jpeg')>:  Pituitary
2023-12-12 15:53:42,029 Prediction for MRI image <FileStorage: 'Te-me_0012.jpg' ('image/jpeg')>:  Meningioma
2023-12-12 15:53:52,131 Prediction for MRI image <FileStorage: 'Te-me_0017.jpg' ('image/jpeg')>:  Meningioma
2023-12-12 15:53:52,500 Prediction for MRI image <FileStorage: 'Te-me_0017.jpg' ('image/jpeg')>:  Meningioma
2023-12-12 15:54:02,573 Prediction for MRI image <FileStorage: 'Te-me_0013.jpg' ('image/jpeg')>:  Meningioma
2023-12-12 15:54:13,685 Prediction for MRI image <FileStorage: 'Te-me_0014.jpg' ('image/jpeg')>:  Meningioma
2023-12-12 15:54:27,347 Prediction for MRI image <FileStorage: 'Te-gl_0012.jpg' ('image/jpeg')>:  Glioma
2023-12-12 15:54:38,345 Prediction for MRI image <FileStorage: 'Te-gl_0013.jpg' ('image/jpeg')>:  Glioma
2023-12-12 15:54:52,364 Prediction for MRI image <FileStorage: 'Te-no_0013.jpg' ('image/jpeg')>:  No_tumor
2023-12-12 15:55:02,237 Prediction for MRI image <FileStorage: 'Te-pi_0014.jpg' ('image/jpeg')>:  Pituitary
2023-12-12 15:55:13,276 Prediction for MRI image <FileStorage: 'Te-me_0013.jpg' ('image/jpeg')>:  Meningioma
2023-12-12 15:55:22,782 Prediction for MRI image <FileStorage: 'Te-me_0013.jpg' ('image/jpeg')>:  Meningioma
2023-12-12 15:55:25,838 Prediction for MRI image <FileStorage: 'Te-me_0013.jpg' ('image/jpeg')>:  Meningioma
2023-12-12 15:55:29,064 Prediction for MRI image <FileStorage: 'Te-me_0013.jpg' ('image/jpeg')>:  Meningioma
2023-12-12 15:55:37,601 Prediction for MRI image <FileStorage: 'Te-pi_0017.jpg' ('image/jpeg')>:  Pituitary
2023-12-12 15:55:46,452 Prediction for MRI image <FileStorage: 'Te-no_0012.jpg' ('image/jpeg')>:  No_tumor
2023-12-12 15:55:56,917 Prediction for MRI image <FileStorage: 'Te-me_0013.jpg' ('image/jpeg')>:  Meningioma
2023-12-12 15:56:13,285 Prediction for MRI image <FileStorage: 'vgg16.pth' ('application/octet-stream')>:  Error:_No_prediction_received
2023-12-12 15:56:37,521 Prediction for MRI image <FileStorage: 'Readme.md' ('text/markdown')>:  Error:_No_prediction_received
2023-12-12 15:57:34,260 Prediction for MRI image <FileStorage: 'Te-pi_0017.jpg' ('image/jpeg')>:  Pituitary
2023-12-12 15:57:34,599 Prediction for MRI image <FileStorage: 'Te-pi_0017.jpg' ('image/jpeg')>:  Pituitary
2023-12-12 15:57:48,885 Prediction for MRI image <FileStorage: 'Te-gl_0015.jpg' ('image/jpeg')>:  Glioma
2023-12-12 15:57:52,473 Prediction for MRI image <FileStorage: 'Te-gl_0015.jpg' ('image/jpeg')>:  Glioma
2023-12-12 15:57:55,554 Prediction for MRI image <FileStorage: 'Te-gl_0015.jpg' ('image/jpeg')>:  Glioma
2023-12-12 15:57:58,453 Prediction for MRI image <FileStorage: 'Te-gl_0015.jpg' ('image/jpeg')>:  Glioma
2023-12-12 15:58:01,371 Prediction for MRI image <FileStorage: 'Te-gl_0015.jpg' ('image/jpeg')>:  Glioma
2023-12-12 15:58:04,434 Prediction for MRI image <FileStorage: 'Te-gl_0015.jpg' ('image/jpeg')>:  Glioma
2023-12-12 15:58:07,661 Prediction for MRI image <FileStorage: 'Te-gl_0015.jpg' ('image/jpeg')>:  Glioma
2023-12-12 15:58:10,552 Prediction for MRI image <FileStorage: 'Te-gl_0015.jpg' ('image/jpeg')>:  Glioma
2023-12-12 15:58:13,587 Prediction for MRI image <FileStorage: 'Te-gl_0015.jpg' ('image/jpeg')>:  Glioma
2023-12-12 15:58:16,863 Prediction for MRI image <FileStorage: 'Te-gl_0015.jpg' ('image/jpeg')>:  Glioma
2023-12-12 15:58:28,287 Prediction for MRI image <FileStorage: 'Te-no_0014.jpg' ('image/jpeg')>:  No_tumor
2023-12-12 15:58:33,008 Prediction for MRI image <FileStorage: 'Te-no_0014.jpg' ('image/jpeg')>:  No_tumor
2023-12-12 15:58:36,986 Prediction for MRI image <FileStorage: 'Te-no_0014.jpg' ('image/jpeg')>:  No_tumor
2023-12-12 15:58:40,272 Prediction for MRI image <FileStorage: 'Te-no_0014.jpg' ('image/jpeg')>:  No_tumor
2023-12-12 15:58:44,268 Prediction for MRI image <FileStorage: 'Te-no_0014.jpg' ('image/jpeg')>:  No_tumor
2023-12-12 15:59:04,443 Prediction for MRI image <FileStorage: 'Te-me_0014.jpg' ('image/jpeg')>:  Meningioma
2023-12-12 15:59:08,775 Prediction for MRI image <FileStorage: 'Te-me_0014.jpg' ('image/jpeg')>:  Meningioma
2023-12-12 15:59:11,979 Prediction for MRI image <FileStorage: 'Te-me_0014.jpg' ('image/jpeg')>:  Meningioma
2023-12-12 15:59:14,987 Prediction for MRI image <FileStorage: 'Te-me_0014.jpg' ('image/jpeg')>:  Meningioma
2023-12-12 15:59:17,873 Prediction for MRI image <FileStorage: 'Te-me_0014.jpg' ('image/jpeg')>:  Meningioma
2023-12-12 15:59:20,722 Prediction for MRI image <FileStorage: 'Te-me_0014.jpg' ('image/jpeg')>:  Meningioma
2023-12-12 15:59:23,620 Prediction for MRI image <FileStorage: 'Te-me_0014.jpg' ('image/jpeg')>:  Meningioma
2023-12-12 15:59:26,545 Prediction for MRI image <FileStorage: 'Te-me_0014.jpg' ('image/jpeg')>:  Meningioma
2023-12-12 15:59:29,328 Prediction for MRI image <FileStorage: 'Te-me_0014.jpg' ('image/jpeg')>:  Meningioma
2023-12-12 15:59:32,471 Prediction for MRI image <FileStorage: 'Te-me_0014.jpg' ('image/jpeg')>:  Meningioma
2023-12-12 15:59:35,378 Prediction for MRI image <FileStorage: 'Te-me_0014.jpg' ('image/jpeg')>:  Meningioma
2023-12-12 15:59:38,406 Prediction for MRI image <FileStorage: 'Te-me_0014.jpg' ('image/jpeg')>:  Meningioma
2023-12-12 15:59:41,536 Prediction for MRI image <FileStorage: 'Te-me_0014.jpg' ('image/jpeg')>:  Meningioma
2023-12-12 15:59:53,767 Prediction for MRI image <FileStorage: 'Te-pi_0010.jpg' ('image/jpeg')>:  Pituitary
2023-12-12 15:59:58,613 Prediction for MRI image <FileStorage: 'Te-pi_0010.jpg' ('image/jpeg')>:  Pituitary
2023-12-12 16:00:02,023 Prediction for MRI image <FileStorage: 'Te-pi_0010.jpg' ('image/jpeg')>:  Pituitary
2023-12-12 16:00:05,350 Prediction for MRI image <FileStorage: 'Te-pi_0010.jpg' ('image/jpeg')>:  Pituitary
2023-12-12 16:00:08,642 Prediction for MRI image <FileStorage: 'Te-pi_0010.jpg' ('image/jpeg')>:  Pituitary
2023-12-12 16:00:11,553 Prediction for MRI image <FileStorage: 'Te-pi_0010.jpg' ('image/jpeg')>:  Pituitary
2023-12-12 16:00:14,976 Prediction for MRI image <FileStorage: 'Te-pi_0010.jpg' ('image/jpeg')>:  Pituitary
2023-12-12 16:00:18,143 Prediction for MRI image <FileStorage: 'Te-pi_0010.jpg' ('image/jpeg')>:  Pituitary
2023-12-12 16:00:21,588 Prediction for MRI image <FileStorage: 'Te-pi_0010.jpg' ('image/jpeg')>:  Pituitary
2023-12-12 16:00:24,585 Prediction for MRI image <FileStorage: 'Te-pi_0010.jpg' ('image/jpeg')>:  Pituitary
2023-12-12 16:00:27,653 Prediction for MRI image <FileStorage: 'Te-pi_0010.jpg' ('image/jpeg')>:  Pituitary
2023-12-12 16:00:30,875 Prediction for MRI image <FileStorage: 'Te-pi_0010.jpg' ('image/jpeg')>:  Pituitary
2023-12-12 16:00:35,449 Prediction for MRI image <FileStorage: 'Te-pi_0010.jpg' ('image/jpeg')>:  Pituitary
2023-12-12 16:00:38,705 Prediction for MRI image <FileStorage: 'Te-pi_0010.jpg' ('image/jpeg')>:  Pituitary
2023-12-12 16:00:43,112 Prediction for MRI image <FileStorage: 'Te-pi_0010.jpg' ('image/jpeg')>:  Pituitary
2023-12-12 16:01:05,523 Prediction for MRI image <FileStorage: 'Te-pi_0017.jpg' ('image/jpeg')>:  Pituitary
2023-12-12 16:01:12,496 Prediction for MRI image <FileStorage: 'Te-pi_0017.jpg' ('image/jpeg')>:  Pituitary
2023-12-12 16:01:15,608 Prediction for MRI image <FileStorage: 'Te-pi_0017.jpg' ('image/jpeg')>:  Pituitary
2023-12-12 16:01:18,706 Prediction for MRI image <FileStorage: 'Te-pi_0017.jpg' ('image/jpeg')>:  Pituitary
2023-12-12 16:01:21,627 Prediction for MRI image <FileStorage: 'Te-pi_0017.jpg' ('image/jpeg')>:  Pituitary
2023-12-12 16:01:24,636 Prediction for MRI image <FileStorage: 'Te-pi_0017.jpg' ('image/jpeg')>:  Pituitary
